<?xml version="1.0" encoding="UTF-8"?>
<testsuite xmlns:xsi="http://www.w3.org/2001/XMLSchema-instance" xsi:noNamespaceSchemaLocation="https://maven.apache.org/surefire/maven-surefire-plugin/xsd/surefire-test-report-3.0.xsd" version="3.0" name="TestSuite" time="9.515" tests="4" errors="0" skipped="0" failures="0">
  <properties>
[...]
</properties>
  <testcase name="runScenario[&quot;Validate Successful Submission - Specific Data&quot;, &quot;Optional[WebDriver University - Contact Us Page]&quot;](1)" classname="runners.MainRunner" time="4.892">
    <system-out><![CDATA[
@contact-us @regression
Scenario: Validate Successful Submission - Unique Data                       # features/Contact_Us.feature:7

@contact-us @regression
Scenario: Validate Successful Submission - Specific Data                     # features/Contact_Us.feature:16
  Given I access the web driver university contact us page                   # stepDefinitions.Contact_Us_Steps.i_access_the_webdriver_university_contact_us_page()
  Given I access the web driver university contact us page                   # stepDefinitions.Contact_Us_Steps.i_access_the_webdriver_university_contact_us_page()
  When I enter a specific first name joe                                     # stepDefinitions.Contact_Us_Steps.i_enter_a_specific_first_name(java.lang.String)
  When I enter a unique first name                                           # stepDefinitions.Contact_Us_Steps.i_enter_a_unique_first_name()
  And I enter a specific last name blogs                                     # stepDefinitions.Contact_Us_Steps.i_enter_a_specific_last_name(java.lang.String)
  And I enter a unique last name                                             # stepDefinitions.Contact_Us_Steps.i_enter_a_unique_last_name()
  And I enter a specific email address joe_bbbbblogs123@gmail.com            # stepDefinitions.Contact_Us_Steps.i_enter_a_specific_email_address(java.lang.String)
  And I enter a specific comment "How are you?"                              # stepDefinitions.Contact_Us_Steps.i_enter_a_specific_comment(java.lang.String)
  And I enter a unique email address                                         # stepDefinitions.Contact_Us_Steps.i_enter_a_unique_email_address()
  And I enter a unique comment                                               # stepDefinitions.Contact_Us_Steps.i_enter_a_unique_comment()
  And I click on the submit button                                           # stepDefinitions.Contact_Us_Steps.i_click_on_the_submit_button()
  Then I should be presented with a successful contact us submission message # stepDefinitions.Contact_Us_Steps.i_should_be_presented_with_a_successful_contact_us_submission_message()
  And I click on the submit button                                           # stepDefinitions.Contact_Us_Steps.i_click_on_the_submit_button()
  Then I should be presented with a successful contact us submission message # stepDefinitions.Contact_Us_Steps.i_should_be_presented_with_a_successful_contact_us_submission_message()
]]></system-out>
    <system-err><![CDATA[SLF4J: Failed to load class "org.slf4j.impl.StaticLoggerBinder".
SLF4J: Defaulting to no-operation (NOP) logger implementation
SLF4J: See http://www.slf4j.org/codes.html#StaticLoggerBinder for further details.
1679741875618	geckodri1v6e7r	9I7N4F1O8	7Li5st6e1n8i	ngegc koon d1r2i7v.e0r.	0I.NF1O	Li:s5t4e4n5i1n
g on 127.0.0.1:58837
11667797947184751789795	7m9o9z	rmuonznreunrne:r:::rurnnuern	InNeFOr		RIuNnFnOi	nRgu cnnoimnmga ncdo:m m"aCn:d\:\ P"rCo:g\\rParomg rFaiml eFsi\l\Mes\o\Mzoizillllaa F iFreifroexf\o\fxi\re\ffoxi.erxee"f o"-x-.maerxioen"et t"e-" -"m-a-rreimootnette" "--remote-debueggi-ndg-epbougrgtin"g -"p6or2t"2 4"573"94 4"" -"---rreemmoottee--aallllowo-wh-oshtoss"t "sl"o c"allhoocsta"l h"o-nsot-"re m"o-tneo"- re"m-optre"o f"-iprlofei"l e"" C"C::\\\\UUsseresr\s\E\C\EME\C\EApMp\D\aAtap\p\LDocaatl\a\\\LoTecmapl\\\\rTuesmtp_m\o\zrpursot_fmiolzepxvr2oafZi4l"ea
B9EUK"
console.warn: services.settings: Ignoring preference override of remote settings server
console.warn: services.settings: Allow by setting MOZ_REMOTE_SETTINGS_DEVTOOLS=1 in the environment
console.warn: services.settings: Ignoring preference override of remote settings server
console.warn: services.settings: Allow by setting MOZ_REMOTE_SETTINGS_DEVTOOLS=1 in the environment
1166779977441188776602012	M1a	rMiaonretiteo	INFnO	Mearitonetttee e	nabIleNd
FO	Marionette enabled
DynaDmicalyly nenaablme wiincdaolwl yo encacblle uwisnidoow onc c0lu
sion 0
11667799774411887766002255		MaMraironieottnee	tItNFeO		ILiNFsOt	eLniinsg toenn pionrgt  62o2n6 5p
ort 62264
Read port: 62265
Read port: 62264
WebDriver BiDi listening on ws://127.0.0.1:62247
WebDriver BiDi listening on ws://127.0.0.1:53944
1679741876132	RemoteAgent	WARN	TLS certificate errors will be ignored for this session
1679741876135	RemoteAgent	WARN	TLS certificate errors will be ignored for this session
console.warn: SearchSettings: "get: No settings file exists, new profile?" (new NotFoundError("Could not open the file at C:\\Users\\ECEM\\AppData\\Local\\Temp\\rust_mozprofileaB9EUK\\search.json.mozlz4", (void 0)))
console.warn: SearchSettings: "get: No settings file exists, new profile?" (new NotFoundError("Could not open the file at C:\\Users\\ECEM\\AppData\\Local\\Temp\\rust_mozprofilexv2aZ4\\search.json.mozlz4", (void 0)))
DevTools listening on ws://127.0.0.1:53944/devtools/browser/98e3c4cf-cbff-4d97-ba97-4bc7edb4b7b4
DevTools listening on ws://127.0.0.1:62247/devtools/browser/b9594ab6-4f47-4ecd-ac34-4cdabe7754e2
Mar 25, 2023 1:57:57 ÖS org.openqa.selenium.remote.ProtocolHandshake createSession
INFO: Detected dialect: W3C
Mar 25, 2023 1:57:57 ÖS org.openqa.selenium.remote.ProtocolHandshake createSession
INFO: Detected dialect: W3C
console.warn: LoginRecipes: "Falling back to a synchronous message for: https://www.webdriveruniversity.com."
console.warn: LoginRecipes: "Falling back to a synchronous message for: https://www.webdriveruniversity.com."
1679741879422	Marionette	INFO	Stopped listening on port 62264
Dynamically enable window occlusion 1
WARNING: A blocker encountered an error while we were waiting.
          Blocker:  Waiting for ping task
          Phase: TelemetryController: Waiting for pending ping activity
          State: (none)
WARNING: Error: Phase "profile-before-change" is finished, it is too late to register completion condition "OS.File: flush I/O queued before profileBeforeChange"
WARNING: addBlocker@resource://gre/modules/AsyncShutdown.sys.mjs:727:15
addBlocker@resource://gre/modules/AsyncShutdown.sys.mjs:523:26
addBlocker@resource://gre/modules/AsyncShutdown.sys.mjs:458:15
setupShutdown@resource://gre/modules/osfile/osfile_async_front.jsm:1548:28
@resource://gre/modules/osfile/osfile_async_front.jsm:1568:16
@resource://gre/modules/osfile.jsm:12:30
@resource://gre/modules/TelemetryStorage.sys.mjs:10:28
_checkPendingPings@resource://gre/modules/TelemetrySend.sys.mjs:863:17
setup@resource://gre/modules/TelemetrySend.sys.mjs:803:18
setup@resource://gre/modules/TelemetrySend.sys.mjs:241:30
setupTelemetry/this._delayedInitTask<@resource://gre/modules/TelemetryControllerParent.sys.mjs:828:36
observe@resource://gre/modules/AsyncShutdown.sys.mjs:576:16

console.error: "TelemetryScheduler.shutdown - Already shut down"
WARNING: A blocker encountered an error while we were waiting.
          Blocker:  Waiting for ping task
          Phase: TelemetryController: Waiting for pending ping activity
          State: (none)
WARNING: Error: Phase "profile-before-change" is finished, it is too late to register completion condition "OS.File: flush I/O queued before profileBeforeChange"
WARNING: addBlocker@resource://gre/modules/AsyncShutdown.sys.mjs:727:15
addBlocker@resource://gre/modules/AsyncShutdown.sys.mjs:523:26
addBlocker@resource://gre/modules/AsyncShutdown.sys.mjs:458:15
setupShutdown@resource://gre/modules/osfile/osfile_async_front.jsm:1548:28
@resource://gre/modules/osfile/osfile_async_front.jsm:1568:16
@resource://gre/modules/osfile.jsm:12:30
@resource://gre/modules/TelemetryStorage.sys.mjs:10:28
_checkPendingPings@resource://gre/modules/TelemetrySend.sys.mjs:863:17
setup@resource://gre/modules/TelemetrySend.sys.mjs:803:18
setup@resource://gre/modules/TelemetrySend.sys.mjs:241:30
setupTelemetry/this._delayedInitTask<@resource://gre/modules/TelemetryControllerParent.sys.mjs:828:36
observe@resource://gre/modules/AsyncShutdown.sys.mjs:576:16

WARNING: A blocker encountered an error while we were waiting.
          Blocker:  Waiting for ping task
          Phase: TelemetryController: Waiting for pending ping activity
          State: (none)
WARNING: Error: Phase "profile-before-change" is finished, it is too late to register completion condition "OS.File: flush I/O queued before profileBeforeChange"
WARNING: addBlocker@resource://gre/modules/AsyncShutdown.sys.mjs:727:15
addBlocker@resource://gre/modules/AsyncShutdown.sys.mjs:523:26
addBlocker@resource://gre/modules/AsyncShutdown.sys.mjs:458:15
setupShutdown@resource://gre/modules/osfile/osfile_async_front.jsm:1548:28
@resource://gre/modules/osfile/osfile_async_front.jsm:1568:16
@resource://gre/modules/osfile.jsm:12:30
@resource://gre/modules/TelemetryStorage.sys.mjs:10:28
_checkPendingPings@resource://gre/modules/TelemetrySend.sys.mjs:863:17
setup@resource://gre/modules/TelemetrySend.sys.mjs:803:18
setup@resource://gre/modules/TelemetrySend.sys.mjs:241:30
setupTelemetry/this._delayedInitTask<@resource://gre/modules/TelemetryControllerParent.sys.mjs:828:36
observe@resource://gre/modules/AsyncShutdown.sys.mjs:576:16

WARNING:Ja Ava Sbclorickpter e renrcoro:u rnteesreoudr cean: //errgroe/r whilem owed uwleerse/A wsyainticSnhgut.do
  w n. s y s .m j s B, llockineer :72  7T: elEermreort:r yCPhoantsero "llpreorf:i lseh-utbtefiongre -dcowhnang
 e "   i s    fi  nPhaises:h edpr, ofiitl e-isb etofoo rel-acteh atnoge- rteegliesmteetryr c
om  p l e t i on    coStnadittei: oEnr r"oOr Sg.eFtitilne: g sfltuasteh :I/ EOr rqoru:eu ePhda sbee fo"rper opfriloef-ilbeefBoerfoe-reCchhaanngege"" 
is finiJashveaSd,c riitp t ies rrtooo r: lartees otuor cre:eg/i/sgtree/r mcoodmuplleets/iAosn ycnoncdSihtiuontd ow"nO.Ss.Fyisl.e:m jfs,l ulsih neI /72O q7u:e uErerodr :b efPhoarsee p r"ofpirolfieBleef-obreefoCrhea-nchgea"nge a"t  aisdd Bfilnoickshered@r, esiotu ircse t:o/o/ glraet/me todoul rees/giAsstyencSrhu ctdomowplne.styiso.n mcjosn:7di27t:i1o5n "
aOdSd.FBilloec:k eflru@rsehs ouIr/Oce :q/u/egureed /bmeofdoulrees p/ArsofyinclSehBuetfdoroewn.Chasnygse.m"js
:Ja52va3:S2c6ri
pat ddeBrrlocor:k erre@srouesrcoue:r/ce/g:/r/eg/rmoed/umoldeusl/eAss/yAnscySnchSuhtudtodwonwn..syssy.sm.jmsjs, :4l5i8:ne 17257
:s EetruroprS:h utPdhaoswen @"repsrooufirclee:-/be/gfroer/e-mcohdanulgees"/ oiss fifleini/soshefidl,e it_ aissy ntco_of rloantte. jtsom: 1r54e8g:2i8st
@erers ocurocme:p//lgreet/mioodunl ecso/onsfdiilte/ioosnfi le"_OSa.syFnic_lfero:n tf.jlsums:1h56 8:I1/6O
 @rqeusoeurucee:/d/ gbree/fmoodruele s/porsfofilei.ljsemB:e12f:o30r
e@Crhesaonurgcee:"//
gJrea/vmaodSulecsr/Tielpemte teryrSrtoorarg:e. sryse.msjos:u1r0c:e28:/
/_gchercek/PemndoidnguPlinegss@/rAessoyunrcce:S/h/ugrte/dmoowdunle.ss/Tyesl.emmejtrysS,e ndl.isynse.m j7s:27: Er8r63or:1:7 
Psehtaups@ree s"opurrcoe:/f/iglree/m-obduefleso/rTeel-ecmhetarnySgeend."s ysi.smjs :8fini0s3:h1e8d
s,et uipt@ reisousr cet:o//ogr el/amodtulee s/tTeol emreetrgyiSsentde.rs ys.cmojmsp:2l41e:t30i
osent upcToelnedmeitrtiy/otnhi s"._delaOyeSdI.FniitTask<l@rees:o urfcluesh: /I//gOr eq/uemuodeulde sb/efToelreem eptrrofyiColneBterfoorlelCehraPangree"nt
.sJyas.vamSjcsr:ip8t2 e8r:ror3: 6re
sooubrscee://rgvree/@mrodeusleso/AusyrnccSehu:td/o/wn.sgyrs.e/mjmso,d luinlees 7/27A:s yErnrcoSr:h uPthadseo "pwrno.fisley-sbe.fomre-jchange" is finisshe:d57, 6i:t1 6i
s 
WtAoRNoI NlG: aErtreor : tPoha sree g"iprsotfeilre-be fcoorem-cphlanegte" iios nf icnoisnhedd,i tiit oins  t"oOo Sla.teF itlo ere:g isfterl cuosmphl eIti/oOn  coqnduietiuoen d"O S.beFfiloer: ef lupshr oI/fOi lqueeuBeedf boreefoCreh parnogfeil"eBe
fJoreaChvaanSgcer"i
WpAtR NeIrNGr:o ardd:B lrocekseor@urresocuer:c/e:///ggrree//mmodoudleuls/eAssy/ncASshyuntcdoSwhnu.tsdyos.mwjns.:sy72s7:.1m5js,
 adldiBlnoe c7ke2r7@r:e sEorurrceo:r//:gr eP/mhodauslees /A"spyrnocSfhiutldeow-n.bseysf.omrjse:-523:c2h6a
nagddeB"lo cikers@ refsoinurices:h/e/dgr,e /miotdul eis/s AstyonocS hluatdtoew nt.soy sr.emjgs:i4s58t:1e5r 
csoetmuppSlhutedotion wnc@roensoduricet:i/o/grne /m"oOduSl.esF/ioslfeil:e/ ofslfiule_sahs ynIc/_fOron qt.ujsemu:1e5d48 :2b8
e@freosroeur cper:/o/gfrie/lmeoBduelfes/oroesCfhilae/nosgfei"le
_async_front.jsm:1568:16
@resource://gre/modules/osfile.jsm:12:30
@resource://gre/modules/TelemetryStorage.sys.mjs:10:28
_checkPendingPings@resource://gre/modules/TelemetrySend.sys.mjs:863:17
setup@resource://gre/modules/TelemetrySend.sys.mjs:803:18
setup@resource://gre/modules/TelemetrySend.sys.mjs:241:30
setupTelemetry/this._delayedInitTask<@resource://gre/modules/TelemetryControllerParent.sys.mjs:828:36
observe@resource://gre/modules/AsyncShutdown.sys.mjs:576:16

1679741879724	Marionette	INFO	Stopped listening on port 62265
Dynamically enable window occlusion 1
[Parent 14932, IPC I/O Parent] WARNING: DuplicateHandle failed for handle 0 in TransferHandles: file /builds/worker/checkouts/gecko/ipc/chromium/src/chrome/common/ipc_channel_win.cc:777
WARNING: A blocker encountered an error while we were waiting.
          Blocker:  Waiting for ping task
          Phase: TelemetryController: Waiting for pending ping activity
          State: (none)
WARNING: Error: Phase "profile-before-change" is finished, it is too late to register completion condition "OS.File: flush I/O queued before profileBeforeChange"
WARNING: addBlocker@resource://gre/modules/AsyncShutdown.sys.mjs:727:15
addBlocker@resource://gre/modules/AsyncShutdown.sys.mjs:523:26
addBlocker@resource://gre/modules/AsyncShutdown.sys.mjs:458:15
setupShutdown@resource://gre/modules/osfile/osfile_async_front.jsm:1548:28
@resource://gre/modules/osfile/osfile_async_front.jsm:1568:16
@resource://gre/modules/osfile.jsm:12:30
@resource://gre/modules/TelemetryStorage.sys.mjs:10:28
_checkPendingPings@resource://gre/modules/TelemetrySend.sys.mjs:863:17
setup@resource://gre/modules/TelemetrySend.sys.mjs:803:18
setup@resource://gre/modules/TelemetrySend.sys.mjs:241:30
setupTelemetry/this._delayedInitTask<@resource://gre/modules/TelemetryControllerParent.sys.mjs:828:36
observe@resource://gre/modules/AsyncShutdown.sys.mjs:576:16

console.error: "TelemetryScheduler.shutdown - Already shut down"
WARNING: A blocker encountered an error while we were waiting.
          Blocker:  Waiting for ping task
          Phase: TelemetryController: Waiting for pending ping activity
          State: (none)
WARNING: Error: Phase "profile-before-change" is finished, it is too late to register completion condition "OS.File: flush I/O queued before profileBeforeChange"
WARNING: addBlocker@resource://gre/modules/AsyncShutdown.sys.mjs:727:15
addBlocker@resource://gre/modules/AsyncShutdown.sys.mjs:523:26
addBlocker@resource://gre/modules/AsyncShutdown.sys.mjs:458:15
setupShutdown@resource://gre/modules/osfile/osfile_async_front.jsm:1548:28
@resource://gre/modules/osfile/osfile_async_front.jsm:1568:16
@resource://gre/modules/osfile.jsm:12:30
@resource://gre/modules/TelemetryStorage.sys.mjs:10:28
_checkPendingPings@resource://gre/modules/TelemetrySend.sys.mjs:863:17
setup@resource://gre/modules/TelemetrySend.sys.mjs:803:18
setup@resource://gre/modules/TelemetrySend.sys.mjs:241:30
setupTelemetry/this._delayedInitTask<@resource://gre/modules/TelemetryControllerParent.sys.mjs:828:36
observe@resource://gre/modules/AsyncShutdown.sys.mjs:576:16

WARNING: A blocker encountered an error while we were waiting.
          Blocker:  Waiting for ping task
          Phase: TelemetryController: Waiting for pending ping activity
          State: (none)
WARNING: Error: Phase "profile-before-change" is finished, it is too late to register completion condition "OS.File: flush I/O queued before profileBeforeChange"
WARNING: addBlocker@resource://gre/modules/AsyncShutdown.sys.mjs:727:15
addBlocker@resource://gre/modules/AsyncShutdown.sys.mjs:523:26
addBlocker@resource://gre/modules/AsyncShutdown.sys.mjs:458:15
setupShutdown@resource://gre/modules/osfile/osfile_async_front.jsm:1548:28
@resource://gre/modules/osfile/osfile_async_front.jsm:1568:16
@resource://gre/modules/osfile.jsm:12:30
@resource://gre/modules/TelemetryStorage.sys.mjs:10:28
_checkPendingPings@resource://gre/modules/TelemetrySend.sys.mjs:863:17
setup@resource://gre/modules/TelemetrySend.sys.mjs:803:18
setup@resource://gre/modules/TelemetrySend.sys.mjs:241:30
setupTelemetry/this._delayedInitTask<@resource://gre/modules/TelemetryControllerParent.sys.mjs:828:36
observe@resource://gre/modules/AsyncShutdown.sys.mjs:576:16

WARNING: A blocker encountered an error while we were waiting.
          Blocker:  TelemetryController: shutting down
          Phase: profile-before-change-telemetry
          State: Error getting state: Error: Phase "profile-before-change" is finished, it is too late to register completion condition "OS.File: flush I/O queued before profileBeforeChange" at addBlocker@resource://gre/modules/AsyncShutdown.sys.mjs:727:15
addBlocker@resource://gre/modules/AsyncShutdown.sys.mjs:523:26
addBlocker@resource://gre/modules/AsyncShutdown.sys.mjs:458:15
setupShutdown@resource://gre/modules/osfile/osfile_async_front.jsm:1548:28
@resource://gre/modules/osfile/osfile_async_front.jsm:1568:16
@resource://gre/modules/osfile.jsm:12:30
@resource://gre/modules/TelemetryStorage.sys.mjs:10:28
_checkPendingPings@resource://gre/modules/TelemetrySend.sys.mjs:863:17
setup@resource://gre/modules/TelemetrySend.sys.mjs:803:18
setup@resource://gre/modules/TelemetrySend.sys.mjs:241:30
setupTelemetry/this._delayedInitTask<@resource://gre/modules/TelemetryControllerParent.sys.mjs:828:36
observe@resource://gre/modules/AsyncShutdown.sys.mjs:576:16

WARNING: Error: Phase "profile-before-change" is finished, it is too late to register completion condition "OS.File: flush I/O queued before profileBeforeChange"
WARNING: addBlocker@resource://gre/modules/AsyncShutdown.sys.mjs:727:15
addBlocker@resource://gre/modules/AsyncShutdown.sys.mjs:523:26
addBlocker@resource://gre/modules/AsyncShutdown.sys.mjs:458:15
setupShutdown@resource://gre/modules/osfile/osfile_async_front.jsm:1548:28
@resource://gre/modules/osfile/osfile_async_front.jsm:1568:16
@resource://gre/modules/osfile.jsm:12:30
@resource://gre/modules/TelemetryStorage.sys.mjs:10:28
_checkPendingPings@resource://gre/modules/TelemetrySend.sys.mjs:863:17
setup@resource://gre/modules/TelemetrySend.sys.mjs:803:18
setup@resource://gre/modules/TelemetrySend.sys.mjs:241:30
setupTelemetry/this._delayedInitTask<@resource://gre/modules/TelemetryControllerParent.sys.mjs:828:36
observe@resource://gre/modules/AsyncShutdown.sys.mjs:576:16

JavaScript error: resource://gre/modules/AsyncShutdown.sys.mjs, line 727: Error: Phase "profile-before-change" is finished, it is too late to register completion condition "OS.File: flush I/O queued before profileBeforeChange"
JavaScript error: resource://gre/modules/AsyncShutdown.sys.mjs, line 727: Error: Phase "profile-before-change" is finished, it is too late to register completion condition "OS.File: flush I/O queued before profileBeforeChange"
JavaScript error: resource://gre/modules/AsyncShutdown.sys.mjs, line 727: Error: Phase "profile-before-change" is finished, it is too late to register completion condition "OS.File: flush I/O queued before profileBeforeChange"
JavaScript error: resource://gre/modules/AsyncShutdown.sys.mjs, line 727: Error: Phase "profile-before-change" is finished, it is too late to register completion condition "OS.File: flush I/O queued before profileBeforeChange"
JavaScript error: resource://gre/modules/AsyncShutdown.sys.mjs, line 727: Error: Phase "profile-before-change" is finished, it is too late to register completion condition "OS.File: flush I/O queued before profileBeforeChange"
JavaScript error: resource://gre/modules/AsyncShutdown.sys.mjs, line 727: Error: Phase "profile-before-change" is finished, it is too late to register completion condition "OS.File: flush I/O queued before profileBeforeChange"
]]></system-err>
  </testcase>
  <testcase name="runScenario[&quot;Validate Successful Submission - Unique Data&quot;, &quot;Optional[WebDriver University - Contact Us Page]&quot;](2)" classname="runners.MainRunner" time="0.267">
    <system-out><![CDATA[
@login @regression @login1
Scenario: Validation of Successful Login                        # features/Login.feature:9
]]></system-out>
    <system-err><![CDATA[1679741880029	geckodriver	INFO	Listening on 127.0.0.1:54394
1679741880050	mozrunner::runner	INFO	Running command: "C:\\Program Files\\Mozilla Firefox\\firefox.exe" "--marionette" "--remote-debugging-port" "54543" "--remote-allow-hosts" "localhost" "-no-remote" "-profile" "C:\\Users\\ECEM\\AppData\\Local\\Temp\\rust_mozprofileb74TPD"
console.warn: services.settings: Ignoring preference override of remote settings server
console.warn: services.settings: Allow by setting MOZ_REMOTE_SETTINGS_DEVTOOLS=1 in the environment
]]></system-err>
  </testcase>
  <testcase name="runScenario[&quot;Validation of Successful Login&quot;, &quot;Optional[Web driver University - Login Page]&quot;](3)" classname="runners.MainRunner" time="3.395">
    <system-out><![CDATA[
@login @regression
Scenario: Validation of Unsuccessful Login                 # features/Login.feature:15
  Given I access the web driver university login page           # stepDefinitions.Login_Page_Steps.i_access_the_web_driver_university_login_page()
  When I enter a username webdriver                             # stepDefinitions.Login_Page_Steps.i_enter_a_username(java.lang.String)
  And I enter a password webdriver123                           # stepDefinitions.Login_Page_Steps.i_enter_a_password(java.lang.String)
  And I click on the login button                               # stepDefinitions.Login_Page_Steps.i_click_on_the_login_button()
  Then I should be presented with validation successful message # stepDefinitions.Login_Page_Steps.i_should_be_presented_with_validation_successful_message()
  Given I access the web driver university login page      # stepDefinitions.Login_Page_Steps.i_access_the_web_driver_university_login_page()
  When I enter a username webdriver                        # stepDefinitions.Login_Page_Steps.i_enter_a_username(java.lang.String)
  And I enter a password password1234                      # stepDefinitions.Login_Page_Steps.i_enter_a_password(java.lang.String)
  And I click on the login button                          # stepDefinitions.Login_Page_Steps.i_click_on_the_login_button()
  Then I should be presented with the unsuccessful message # stepDefinitions.Login_Page_Steps.i_should_be_presented_with_unsuccessful_message()
]]></system-out>
    <system-err><![CDATA[1679741880272	Marionette	INFO	Marionette enabled
Dynamically enable window occlusion 0
1679741880277	Marionette	INFO	Listening on port 62527
1679741880294	geckodriver	INFO	Listening on 127.0.0.1:57202
1679741880327	mozrunner::runner	INFO	Running command: "C:\\Program Files\\Mozilla Firefox\\firefox.exe" "--marionette" "--remote-debugging-port" "51155" "--remote-allow-hosts" "localhost" "-no-remote" "-profile" "C:\\Users\\ECEM\\AppData\\Local\\Temp\\rust_mozprofile7CtljE"
WebDriver BiDi listening on ws://127.0.0.1:54543
Read port: 62527
console.warn: services.settings: Ignoring preference override of remote settings server
console.warn: services.settings: Allow by setting MOZ_REMOTE_SETTINGS_DEVTOOLS=1 in the environment
1679741880499	RemoteAgent	WARN	TLS certificate errors will be ignored for this session
1679741880576	Marionette	INFO	Marionette enabled
Dynamically enable window occlusion 0
1679741880579	Marionette	INFO	Listening on port 62637
WebDriver BiDi listening on ws://127.0.0.1:51155
Read port: 62637
1679741880831	RemoteAgent	WARN	TLS certificate errors will be ignored for this session
console.warn: SearchSettings: "get: No settings file exists, new profile?" (new NotFoundError("Could not open the file at C:\\Users\\ECEM\\AppData\\Local\\Temp\\rust_mozprofileb74TPD\\search.json.mozlz4", (void 0)))
console.warn: SearchSettings: "get: No settings file exists, new profile?" (new NotFoundError("Could not open the file at C:\\Users\\ECEM\\AppData\\Local\\Temp\\rust_mozprofile7CtljE\\search.json.mozlz4", (void 0)))
DevTools listening on ws://127.0.0.1:54543/devtools/browser/53a2d97f-73b7-40b5-83c3-f61eabe222be
Mar 25, 2023 1:58:01 ÖS org.openqa.selenium.remote.ProtocolHandshake createSession
INFO: Detected dialect: W3C
DevTools listening on ws://127.0.0.1:51155/devtools/browser/e1b6554e-8256-470d-a28a-4af0bf06fc9a
Mar 25, 2023 1:58:01 ÖS org.openqa.selenium.remote.ProtocolHandshake createSession
INFO: Detected dialect: W3C
console.warn: LoginRecipes: "Falling back to a synchronous message for: https://www.webdriveruniversity.com."
1679741883087	Marionette	INFO	Stopped listening on port 62527
Dynamically enable window occlusion 1
console.warn: LoginRecipes: "Falling back to a synchronous message for: https://www.webdriveruniversity.com."
JavaScript error: resource://gre/modules/Prompter.sys.mjs, line 1192: NS_ERROR_NOT_AVAILABLE: prompt aborted by user
JavaScript error: resource://gre/modules/LoginHelper.jsm, line 1756: TypeError: browser is null
WARNING: A blocker encountered an error while we were waiting.
          Blocker:  Waiting for ping task
          Phase: TelemetryController: Waiting for pending ping activity
          State: (none)
WARNING: Error: Phase "profile-before-change" is finished, it is too late to register completion condition "OS.File: flush I/O queued before profileBeforeChange"
WARNING: addBlocker@resource://gre/modules/AsyncShutdown.sys.mjs:727:15
addBlocker@resource://gre/modules/AsyncShutdown.sys.mjs:523:26
addBlocker@resource://gre/modules/AsyncShutdown.sys.mjs:458:15
setupShutdown@resource://gre/modules/osfile/osfile_async_front.jsm:1548:28
@resource://gre/modules/osfile/osfile_async_front.jsm:1568:16
@resource://gre/modules/osfile.jsm:12:30
@resource://gre/modules/TelemetryStorage.sys.mjs:10:28
_checkPendingPings@resource://gre/modules/TelemetrySend.sys.mjs:863:17
setup@resource://gre/modules/TelemetrySend.sys.mjs:803:18
setup@resource://gre/modules/TelemetrySend.sys.mjs:241:30
setupTelemetry/this._delayedInitTask<@resource://gre/modules/TelemetryControllerParent.sys.mjs:828:36
observe@resource://gre/modules/AsyncShutdown.sys.mjs:576:16

console.error: "TelemetryScheduler.shutdown - Already shut down"
WARNING: A blocker encountered an error while we were waiting.
          Blocker:  Waiting for ping task
          Phase: TelemetryController: Waiting for pending ping activity
          State: (none)
WARNING: Error: Phase "profile-before-change" is finished, it is too late to register completion condition "OS.File: flush I/O queued before profileBeforeChange"
WARNING: addBlocker@resource://gre/modules/AsyncShutdown.sys.mjs:727:15
addBlocker@resource://gre/modules/AsyncShutdown.sys.mjs:523:26
addBlocker@resource://gre/modules/AsyncShutdown.sys.mjs:458:15
setupShutdown@resource://gre/modules/osfile/osfile_async_front.jsm:1548:28
@resource://gre/modules/osfile/osfile_async_front.jsm:1568:16
@resource://gre/modules/osfile.jsm:12:30
@resource://gre/modules/TelemetryStorage.sys.mjs:10:28
_checkPendingPings@resource://gre/modules/TelemetrySend.sys.mjs:863:17
setup@resource://gre/modules/TelemetrySend.sys.mjs:803:18
setup@resource://gre/modules/TelemetrySend.sys.mjs:241:30
setupTelemetry/this._delayedInitTask<@resource://gre/modules/TelemetryControllerParenJt.sys.mjavsa:S8c2r8i:p3t6 err
observe@resoour:r cree:s/o/gre/urce:/m/ogdrulees//mAosdyunlceSshut/dAoswynn.cShsyust.dmojwsn:.5sy76:s1.6mj
s, l
WiARnNeIN G7:27:  A bElrorcokr: Per enhcouanse "tperroed anfile -ebrerfor whorie-lceh awneg weer"e  iwsa iftiinnigs.he
d ,   i  t   i s   tBoloo ckleart:e   tWo aitrinegg ifster ocr poimplnegt itoans kcon
d i t i o n   " O S P.hFaislee::  fTleulsehm eIt/ryOC oqnuteruoellerd:  Wbaeiforet ing forp rofileBpendingefore Chanping agcet"i
vity
      J a v  SaScript error: resource://gre/tate: (nmone)o
WdAuRlNeIsN/GA:s yEnrcroSrh:u tPdhoawsne. "spyrso.fmijls,e- bline 72e7: Eforrer-ocrh:a Phanges"e  i"sp rfofiinlise-hbeedf,or ei-tc hiasn gteo" iso  flinaite tshed, oit  registies too lr comaptlee to retion cgoinsdter citioomnp le"tOionS .cFoinldei:t ifon "lOuSs.hF iI/Ole:  fqluuseued hb I/O queeuefdo rbee fproofriel epBeforofirleeCBheafnge"oreCha
nWgARNING:e"
JavaS acripdt deBrlockerror: res@oresourucrce:/e/g:r//gre/em/moduleoduless//AAsyncShsyncShuuttddown.soyws.n.mjssy, sl.mjs:7i2ne7 7:271: 5Erro
r:a PddBlhase "prockofeilre@-breefsore-choanuger" cie://gre/modules/AsyncShutdso wfn.inissys.mhjsed, it i:s to5o2 3l:a26
tea tdod Brleogckeirs@treers oucrocme:p//lgertei/on modulces/AonditisoynncShu t"OS.Fdiolwn.syes:. flusmhj s:458:I/O q1ueu5
seteupd befSohruetdown pr@orfeisloeurceBe:f/o/rgerCeh/amnoged"ul
es/osfile/osfJailev_aasSycnrcipt _fronetr.rjor: rsesmou:r1c5e48::/28
@re/sgre/mooduurce://lges/Asryen/cmodulShuetds/osfileo/osfwinle_.says.msjysn,c_fro linnte. j72sm:157: Erro6r8::16
@ Phasresource:e "profile-before-change" is finished, it is too /late/ gre/moto regisdtules/osefr complile.ejstmi:on con12:30
@rdietsioounr ce:"/O/Sg.rFei/lmeo:dules/ flush ITele/O qmueetureydStor abgeef.osryes .promfjisl:e1B0e:28fo
r_echCehcakngPened"in
gJPaivanSgsc@rriepsto erurrcoer::/ /rgerse/omuordcuel:e//gs/Telreem/emtodulrySeneds./sAsyncSys.mjs:h8u6tdown3.:17
sesys.mtjsu,p @relinseo u727: Erce://grre/modurleosr/:Te lPehmase "perotfriySelen-bde.fsoyrse.mj-cs:h8a0n3g:e1"8 is
 sfeitnuips@rhede,s oiutr ce:is/ /tgoroe /lmaodteu lteos /rTeegleistmeert rcyoSenmpdle.tsiyosn. mjsco:n2d4i1t:i3o0n
 "sOeSt.uFpTiellee:m eftlruy/sthhi s.I_/dOe lqaueuyedIneidt Tbefoarsk<@reseo profuirclee:B//gre/emfooreCdhualnegse/Te"l
eJmaevtarSyCcorinpttr oelrlreroPr: arresoeunt.srce:y//gsr.mjs:8e2/modules8:36/
AosbysncSheruvet@droewsn.syoursc.e://mgjs, lre/moidunle 727: Eerrso/rA:s yPncShutdown.sys.mjshase "profile-before-change" is finished, it is too late to register completion condition "OS.File: flush I/:O q5ueue76d: 1b6ef
ore 
profileBWeARNINfGor:eChan Ag e"
blocker encountered an error while we were waiting.
          Blocker:  TelemetryController: shutting down
          Phase: profile-before-change-telemetry
          State: Error getting state: Error: Phase "profile-before-change" is finished, it is too late to register completion condition "OS.File: flush I/O queued before profileBeforeChange" at addBlocker@resource://gre/modules/AsyncShutdown.sys.mjs:727:15
addBlocker@resource://gre/modules/AsyncShutdown.sys.mjs:523:26
addBlocker@resource://gre/modules/AsyncShutdown.sys.mjs:458:15
setupShutdown@resource://gre/modules/osfile/osfile_async_front.jsm:1548:28
@resource://gre/modules/osfile/osfile_async_front.jsm:1568:16
@resource://gre/modules/osfile.jsm:12:30
@resource://gre/modules/TelemetryStorage.sys.mjs:10:28
_checkPendingPings@resource://gre/modules/TelemetrySend.sys.mjs:863:17
setup@resource://gre/modules/TelemetrySend.sys.mjs:803:18
setup@resource://gre/modules/TelemetrySend.sys.mjs:241:30
setupTelemetry/this._delayedInitTask<@resource://gre/modules/TelemetryControllerParent.sys.mjs:828:36
observe@resource://gre/modules/AsyncShutdown.sys.mjs:576:16

WARNING: Error: Phase "profile-before-change" is finished, it is too late to register completion condition "OS.File: flush I/O queued before profileBeforeChange"
WARNING: addBlocker@resource://gre/modules/AsyncShutdown.sys.mjs:727:15
addBlocker@resource://gre/modules/AsyncShutdown.sys.mjs:523:26
addBlocker@resource://gre/modules/AsyncShutdown.sys.mjs:458:15
setupShutdown@resource://gre/modules/osfile/osfile_async_front.jsm:1548:28
@resource://gre/modules/osfile/osfile_async_front.jsm:1568:16
@resource://gre/modules/osfile.jsm:12:30
@resource://gre/modules/TelemetryStorage.sys.mjs:10:28
_checkPendingPings@resource://gre/modules/TelemetrySend.sys.mjs:863:17
setup@resource://gre/modules/TelemetrySend.sys.mjs:803:18
setup@resource://gre/modules/TelemetrySend.sys.mjs:241:30
setupTelemetry/this._delayedInitTask<@resource://gre/modules/TelemetryControllerParent.sys.mjs:828:36
observe@resource://gre/modules/AsyncShutdown.sys.mjs:576:16

console.warn: LoginRecipes: "Falling back to a synchronous message for: https://www.webdriveruniversity.com."
1679741883417	Marionette	INFO	Stopped listening on port 62637
Dynamically enable window occlusion 1
console.warn: LoginRecipes: "Falling back to a synchronous message for: https://www.webdriveruniversity.com."
JavaScript error: resource://gre/modules/Prompter.sys.mjs, line 1192: NS_ERROR_NOT_AVAILABLE: prompt aborted by user
JavaScript error: resource://gre/modules/LoginHelper.jsm, line 1756: TypeError: browser is null
WARNING: A blocker encountered an error while we were waiting.
          Blocker:  Waiting for ping task
          Phase: TelemetryController: Waiting for pending ping activity
          State: (none)
WARNING: Error: Phase "profile-before-change" is finished, it is too late to register completion condition "OS.File: flush I/O queued before profileBeforeChange"
WARNING: addBlocker@resource://gre/modules/AsyncShutdown.sys.mjs:727:15
addBlocker@resource://gre/modules/AsyncShutdown.sys.mjs:523:26
addBlocker@resource://gre/modules/AsyncShutdown.sys.mjs:458:15
setupShutdown@resource://gre/modules/osfile/osfile_async_front.jsm:1548:28
@resource://gre/modules/osfile/osfile_async_front.jsm:1568:16
@resource://gre/modules/osfile.jsm:12:30
@resource://gre/modules/TelemetryStorage.sys.mjs:10:28
_checkPendingPings@resource://gre/modules/TelemetrySend.sys.mjs:863:17
setup@resource://gre/modules/TelemetrySend.sys.mjs:803:18
setup@resource://gre/modules/TelemetrySend.sys.mjs:241:30
setupTelemetry/this._delayedInitTask<@resource://gre/modules/TelemetryControllerParent.sys.mjs:828:36
observe@resource://gre/modules/AsyncShutdown.sys.mjs:576:16

console.error: "TelemetryScheduler.shutdown - Already shut down"
WARNING: A blocker encountered an error while we were waiting.
          Blocker:  Waiting for ping task
          Phase: TelemetryController: Waiting for pending ping activity
          State: (none)
WARNING: Error: Phase "profile-before-change" is finished, it is too late to register completion condition "OS.File: flush I/O queued before profileBeforeChange"
WARNING: addBlocker@resource://gre/modules/AsyncShutdown.sys.mjs:727:15
addBlocker@resource://gre/modules/AsyncShutdown.sys.mjs:523:26
addBlocker@resource://gre/modules/AsyncShutdown.sys.mjs:458:15
setupShutdown@resource://gre/modules/osfile/osfile_async_front.jsm:1548:28
@resource://gre/modules/osfile/osfile_async_front.jsm:1568:16
@resource://gre/modules/osfile.jsm:12:30
@resource://gre/modules/TelemetryStorage.sys.mjs:10:28
_checkPendingPings@resource://gre/modules/TelemetrySend.sys.mjs:863:17
setup@resource://gre/modules/TelemetrySend.sys.mjs:803:18
setup@resource://gre/modules/TelemetrySend.sys.mjs:241:30
setupTelemetry/this._delayedInitTask<@resource://gre/modules/TelemetryControllerParent.sys.mjs:828:36
observe@resource://gre/modules/AsyncShutdown.sys.mjs:576:16

WARNING: A blocker encountered an error while we were waiting.
          Blocker:  Waiting for ping task
          Phase: TelemetryController: Waiting for pending ping activity
        Jav a SSctatre: (noinpet) er
rorWA:R rNesIoNurG:ce:/ /gErre/ror: Pmoduhleass/e "profile-befAsyncSohurte-chadnown.sys.mgjse" is fini, linseh 7e27d:,  Eirtr oir:s P htaose "opr olfate itloe-befor regeist-echange"r complet is finiion consdhedi, it tion "iOs Stoo l.File:a flush I/O tquee uteod  rbeefore pgrioster cfileBeofmoprletioneCha ncgoen"diti
oWnA R"NOISN.GFi: laed:d Bflloush cI/O qukeeru@edr beesfoourrec ep:r/o/fgirel/emBoedfuorleCesh/aAnsgyen"cS
hutdown.sys.mjs:7J27:1a5va
ScardipdBlto ecrkreorr: @rreessoouurrccee://:g/r/eg/rmeo/mduloesd/uAsles/AsyncShutydnocShutdwn.sys.mown.sjyss,. mline js:52732:72: Err6
aodrdB:l Phaseocker@r e"profileso-uberfocree-://change" igres/ fminoisdhued, lite iss/Asy ntoco latSeh uto tredgiownster com.sypsle.timonj cs:on4di5ti8on: 15
"OS.Filesetu:p fSluhsuh tI/dO oquweune@reds before ourpcroefi:l/e/gBeforeChre/amnoged"u
JlaevaScrispt/ osfielrreor: re/souorcse:f/ile_/agre/modsyunlecs/_Asfynrontc.jsSmhu:tdown.sys1.mj5s, li4n8e :728
2@7: Errorr: ePhsasoe urce":profile-//gbrefoere/-cmhaonge"d uiless/ ofisnifsheid,l iet /isosfi ltoo latee t_o aresgiysnc_ter compfrolnettio.n jcosmndit:io1n 568:1"O6S.File:
@resour flush Ice://gre/O queued/modules/ before osfilep.rojfileBeforeChansgme:"1
2J:a3v0aScript 
@resource://error: resource:g/re//gre/modumodules/Tles/AsynelemetrycShSuttdoorwange.s.sys.mjsys.mjs:1,0 l:i2n8e 
7_2ch7: Errore:ckP ePnhdasie "npgrPoifinlges-@rbefore-chesource:ange/" /igsr e/modfinishedules/Tel,e itm eitsr ytSoeon d.sys.mjslate :8t6o3 :r17egis
setup@reters ocompletion counrdictei:o/n "/gre/modOS.File:ule sf/lTueslhe I/mOe tqrueyuSeedn bde.fsoyrse. mpjsrofi:l8e0Be3:18foreCh
angsetup@ree"
JavasSource:/cript er/gre/mroodru: resoles/Teleurce://gremetrySend/modul.sys.mejss/AsyncS:241:30hu
tdown.setuspTyes.lmejs, metrlyi/net h7i27: sError.:_ delaPhaseye d"IpnitTarofiles-kb<e@resofore-ucrhcae://grnge" ise /fmoduleinisheds,/ Telemetit is troyControo latel lteorParen registt.esys.mjr complset:828:36ion cond
observietion "O@resourSc.eFile: f://gre/lmuosh I/Odules/As queued ybncShutedfore prowno.fsiylse.Bmefojsr:e57C6h:a1nge6
"
W
AJRaNvaScING:r ipAt  ebrrloocrk:e rr eesonurcceo:u/n/gre/modules/tAseyrnceShud atnd oewnr.rsor whilye ws.em jwse,r el winaeit i7n2g7.: 
   E r ro r :  P  Bhlaoscek e"rpro: f iTlee-lbemefeotrrey-Ccohnatnrgoller:e" i shuttinsg  fidownnis
h e d , i   t  i s   tPooh aslea:t ep rtoo frielgei-sbteefr orec-ocmhpalnegtione -ctoenldietmeiont "rOyS.F
il e :      f  l Stush aIt/Oe :q Errueued before porofileBeforreC hagngee"tting
 state: Error: Phase "profile-before-change" is finished, it is too late to register completion condition "OS.File: flush I/O queued before profileBeforeChange" at addBlocker@resource://gre/modules/AsyncShutdown.sys.mjs:727:15
addBlocker@resource://gre/modules/AsyncShutdown.sys.mjs:523:26
addBlocker@resource://gre/modules/AsyncShutdown.sys.mjs:458:15
setupShutdown@resource://gre/modules/osfile/osfile_async_front.jsm:1548:28
@resource://gre/modules/osfile/osfile_async_front.jsm:1568:16
@resource://gre/modules/osfile.jsm:12:30
@resource://gre/modules/TelemetryStorage.sys.mjs:10:28
_checkPendingPings@resource://gre/modules/TelemetrySend.sys.mjs:863:17
setup@resource://gre/modules/TelemetrySend.sys.mjs:803:18
setup@resource://gre/modules/TelemetrySend.sys.mjs:241:30
setupTelemetry/this._delayedInitTask<@resource://gre/modules/TelemetryControllerParent.sys.mjs:828:36
observe@resource://gre/modules/AsyncShutdown.sys.mjs:576:16

WARNING: Error: Phase "profile-before-change" is finished, it is too late to register completion condition "OS.File: flush I/O queued before profileBeforeChange"
WARNING: addBlocker@resource://gre/modules/AsyncShutdown.sys.mjs:727:15
addBlocker@resource://gre/modules/AsyncShutdown.sys.mjs:523:26
addBlocker@resource://gre/modules/AsyncShutdown.sys.mjs:458:15
setupShutdown@resource://gre/modules/osfile/osfile_async_front.jsm:1548:28
@resource://gre/modules/osfile/osfile_async_front.jsm:1568:16
@resource://gre/modules/osfile.jsm:12:30
@resource://gre/modules/TelemetryStorage.sys.mjs:10:28
_checkPendingPings@resource://gre/modules/TelemetrySend.sys.mjs:863:17
setup@resource://gre/modules/TelemetrySend.sys.mjs:803:18
setup@resource://gre/modules/TelemetrySend.sys.mjs:241:30
setupTelemetry/this._delayedInitTask<@resource://gre/modules/TelemetryControllerParent.sys.mjs:828:36
observe@resource://gre/modules/AsyncShutdown.sys.mjs:576:16

]]></system-err>
  </testcase>
  <testcase name="runScenario[&quot;Validation of Unsuccessful Login&quot;, &quot;Optional[Web driver University - Login Page]&quot;](4)" classname="runners.MainRunner" time="3.677"/>
</testsuite>